[INFO  - 2017-05-10T14:12:06.697Z] GhostDriver - Main - running on port 19148
[INFO  - 2017-05-10T14:12:07.187Z] Session [a6693080-358a-11e7-b83b-f11cb90c00bb] - page.settings - {"XSSAuditingEnabled":false,"javascriptCanCloseWindows":true,"javascriptCanOpenWindows":true,"javascriptEnabled":true,"loadImages":false,"localToRemoteUrlAccessEnabled":false,"userAgent":"Mozilla/5.0 (Windows NT 6.2; WOW64) AppleWebKit/538.1 (KHTML, like Gecko) PhantomJS/2.1.1 Safari/538.1","webSecurityEnabled":false}
[INFO  - 2017-05-10T14:12:07.187Z] Session [a6693080-358a-11e7-b83b-f11cb90c00bb] - page.customHeaders:  - {}
[INFO  - 2017-05-10T14:12:07.188Z] Session [a6693080-358a-11e7-b83b-f11cb90c00bb] - Session.negotiatedCapabilities - {"browserName":"phantomjs","version":"2.1.1","driverName":"ghostdriver","driverVersion":"1.2.0","platform":"windows-10-32bit","javascriptEnabled":true,"takesScreenshot":false,"handlesAlerts":false,"databaseEnabled":false,"locationContextEnabled":false,"applicationCacheEnabled":false,"browserConnectionEnabled":false,"cssSelectorsEnabled":true,"webStorageEnabled":false,"rotatable":false,"acceptSslCerts":false,"nativeEvents":true,"proxy":{"proxyType":"direct"}}
[INFO  - 2017-05-10T14:12:07.188Z] SessionManagerReqHand - _postNewSessionCommand - New Session Created: a6693080-358a-11e7-b83b-f11cb90c00bb
[INFO  - 2017-05-10T14:13:23.027Z] GhostDriver - Main - running on port 7236
[INFO  - 2017-05-10T14:13:23.668Z] Session [d40006e0-358a-11e7-8928-5deadd39d5e2] - page.settings - {"XSSAuditingEnabled":false,"javascriptCanCloseWindows":true,"javascriptCanOpenWindows":true,"javascriptEnabled":true,"loadImages":false,"localToRemoteUrlAccessEnabled":false,"userAgent":"Mozilla/5.0 (Windows NT 6.2; WOW64) AppleWebKit/538.1 (KHTML, like Gecko) PhantomJS/2.1.1 Safari/538.1","webSecurityEnabled":false}
[INFO  - 2017-05-10T14:13:23.668Z] Session [d40006e0-358a-11e7-8928-5deadd39d5e2] - page.customHeaders:  - {}
[INFO  - 2017-05-10T14:13:23.669Z] Session [d40006e0-358a-11e7-8928-5deadd39d5e2] - Session.negotiatedCapabilities - {"browserName":"phantomjs","version":"2.1.1","driverName":"ghostdriver","driverVersion":"1.2.0","platform":"windows-10-32bit","javascriptEnabled":true,"takesScreenshot":false,"handlesAlerts":false,"databaseEnabled":false,"locationContextEnabled":false,"applicationCacheEnabled":false,"browserConnectionEnabled":false,"cssSelectorsEnabled":true,"webStorageEnabled":false,"rotatable":false,"acceptSslCerts":false,"nativeEvents":true,"proxy":{"proxyType":"direct"}}
[INFO  - 2017-05-10T14:13:23.669Z] SessionManagerReqHand - _postNewSessionCommand - New Session Created: d40006e0-358a-11e7-8928-5deadd39d5e2
[INFO  - 2017-05-10T14:16:17.896Z] GhostDriver - Main - running on port 11163
[INFO  - 2017-05-10T14:16:18.556Z] Session [3c3d5c30-358b-11e7-9c72-59f4807e2daf] - page.settings - {"XSSAuditingEnabled":false,"javascriptCanCloseWindows":true,"javascriptCanOpenWindows":true,"javascriptEnabled":true,"loadImages":false,"localToRemoteUrlAccessEnabled":false,"userAgent":"Mozilla/5.0 (Windows NT 6.2; WOW64) AppleWebKit/538.1 (KHTML, like Gecko) PhantomJS/2.1.1 Safari/538.1","webSecurityEnabled":false}
[INFO  - 2017-05-10T14:16:18.556Z] Session [3c3d5c30-358b-11e7-9c72-59f4807e2daf] - page.customHeaders:  - {}
[INFO  - 2017-05-10T14:16:18.556Z] Session [3c3d5c30-358b-11e7-9c72-59f4807e2daf] - Session.negotiatedCapabilities - {"browserName":"phantomjs","version":"2.1.1","driverName":"ghostdriver","driverVersion":"1.2.0","platform":"windows-10-32bit","javascriptEnabled":true,"takesScreenshot":false,"handlesAlerts":false,"databaseEnabled":false,"locationContextEnabled":false,"applicationCacheEnabled":false,"browserConnectionEnabled":false,"cssSelectorsEnabled":true,"webStorageEnabled":false,"rotatable":false,"acceptSslCerts":false,"nativeEvents":true,"proxy":{"proxyType":"direct"}}
[INFO  - 2017-05-10T14:16:18.556Z] SessionManagerReqHand - _postNewSessionCommand - New Session Created: 3c3d5c30-358b-11e7-9c72-59f4807e2daf
[INFO  - 2017-05-10T14:21:45.309Z] GhostDriver - Main - running on port 20542
[INFO  - 2017-05-10T14:21:45.792Z] Session [ff4a11a0-358b-11e7-ba98-d743602216b3] - page.settings - {"XSSAuditingEnabled":false,"javascriptCanCloseWindows":true,"javascriptCanOpenWindows":true,"javascriptEnabled":true,"loadImages":false,"localToRemoteUrlAccessEnabled":false,"userAgent":"Mozilla/5.0 (Windows NT 6.2; WOW64) AppleWebKit/538.1 (KHTML, like Gecko) PhantomJS/2.1.1 Safari/538.1","webSecurityEnabled":false}
[INFO  - 2017-05-10T14:21:45.792Z] Session [ff4a11a0-358b-11e7-ba98-d743602216b3] - page.customHeaders:  - {}
[INFO  - 2017-05-10T14:21:45.793Z] Session [ff4a11a0-358b-11e7-ba98-d743602216b3] - Session.negotiatedCapabilities - {"browserName":"phantomjs","version":"2.1.1","driverName":"ghostdriver","driverVersion":"1.2.0","platform":"windows-10-32bit","javascriptEnabled":true,"takesScreenshot":false,"handlesAlerts":false,"databaseEnabled":false,"locationContextEnabled":false,"applicationCacheEnabled":false,"browserConnectionEnabled":false,"cssSelectorsEnabled":true,"webStorageEnabled":false,"rotatable":false,"acceptSslCerts":false,"nativeEvents":true,"proxy":{"proxyType":"direct"}}
[INFO  - 2017-05-10T14:21:45.793Z] SessionManagerReqHand - _postNewSessionCommand - New Session Created: ff4a11a0-358b-11e7-ba98-d743602216b3
[INFO  - 2017-05-10T14:26:45.349Z] SessionManagerReqHand - _cleanupWindowlessSessions - Asynchronous Sessions clean-up phase starting NOW
[INFO  - 2017-05-10T15:38:49.520Z] GhostDriver - Main - running on port 62124
[INFO  - 2017-05-10T15:38:50.689Z] Session [c3f158b0-3596-11e7-8005-ef660281415d] - page.settings - {"XSSAuditingEnabled":false,"javascriptCanCloseWindows":true,"javascriptCanOpenWindows":true,"javascriptEnabled":true,"loadImages":false,"localToRemoteUrlAccessEnabled":false,"userAgent":"Mozilla/5.0 (Windows NT 6.2; WOW64) AppleWebKit/538.1 (KHTML, like Gecko) PhantomJS/2.1.1 Safari/538.1","webSecurityEnabled":false}
[INFO  - 2017-05-10T15:38:50.689Z] Session [c3f158b0-3596-11e7-8005-ef660281415d] - page.customHeaders:  - {}
[INFO  - 2017-05-10T15:38:50.690Z] Session [c3f158b0-3596-11e7-8005-ef660281415d] - Session.negotiatedCapabilities - {"browserName":"phantomjs","version":"2.1.1","driverName":"ghostdriver","driverVersion":"1.2.0","platform":"windows-10-32bit","javascriptEnabled":true,"takesScreenshot":false,"handlesAlerts":false,"databaseEnabled":false,"locationContextEnabled":false,"applicationCacheEnabled":false,"browserConnectionEnabled":false,"cssSelectorsEnabled":true,"webStorageEnabled":false,"rotatable":false,"acceptSslCerts":false,"nativeEvents":true,"proxy":{"proxyType":"direct"}}
[INFO  - 2017-05-10T15:38:50.690Z] SessionManagerReqHand - _postNewSessionCommand - New Session Created: c3f158b0-3596-11e7-8005-ef660281415d
[INFO  - 2017-05-10T15:48:04.334Z] GhostDriver - Main - running on port 7112
[INFO  - 2017-05-10T15:48:04.672Z] Session [0e23fc70-3598-11e7-967c-95fdf273d978] - page.settings - {"XSSAuditingEnabled":false,"javascriptCanCloseWindows":true,"javascriptCanOpenWindows":true,"javascriptEnabled":true,"loadImages":false,"localToRemoteUrlAccessEnabled":false,"userAgent":"Mozilla/5.0 (Windows NT 6.2; WOW64) AppleWebKit/538.1 (KHTML, like Gecko) PhantomJS/2.1.1 Safari/538.1","webSecurityEnabled":false}
[INFO  - 2017-05-10T15:48:04.673Z] Session [0e23fc70-3598-11e7-967c-95fdf273d978] - page.customHeaders:  - {}
[INFO  - 2017-05-10T15:48:04.673Z] Session [0e23fc70-3598-11e7-967c-95fdf273d978] - Session.negotiatedCapabilities - {"browserName":"phantomjs","version":"2.1.1","driverName":"ghostdriver","driverVersion":"1.2.0","platform":"windows-10-32bit","javascriptEnabled":true,"takesScreenshot":false,"handlesAlerts":false,"databaseEnabled":false,"locationContextEnabled":false,"applicationCacheEnabled":false,"browserConnectionEnabled":false,"cssSelectorsEnabled":true,"webStorageEnabled":false,"rotatable":false,"acceptSslCerts":false,"nativeEvents":true,"proxy":{"proxyType":"direct"}}
[INFO  - 2017-05-10T15:48:04.673Z] SessionManagerReqHand - _postNewSessionCommand - New Session Created: 0e23fc70-3598-11e7-967c-95fdf273d978
[INFO  - 2017-05-10T15:53:04.339Z] SessionManagerReqHand - _cleanupWindowlessSessions - Asynchronous Sessions clean-up phase starting NOW
